<?xml version="1.0" encoding="UTF-8"?>
<!-- Generated by org.testng.reporters.JUnitXMLReporter -->
<testsuite hostname="DESKTOP-97F9FNJ" ignored="0" name="PracticeTest" tests="2" failures="0" timestamp="15 Apr 2020 17:22:53 GMT" time="158.552" errors="0">
  <testcase name="verifyUserIsAbelToUsePracticePageFunctions" time="18.432" classname="com.letslodeit.learn.testsuit.PracticeTest"/>
  <testcase name="verifyUserIsAbleToUseMouseHoverFunction" time="9.065" classname="com.letslodeit.learn.testsuit.PracticeTest"/>
</testsuite> <!-- PracticeTest -->
