<?xml version="1.0" encoding="UTF-8"?>
<testng-results skipped="0" failed="1" ignored="0" total="3" passed="2">
  <reporter-output>
  </reporter-output>
  <suite name="testsuit" duration-ms="220853" started-at="2020-04-15T17:20:11Z" finished-at="2020-04-15T17:23:52Z">
    <groups>
    </groups>
    <test name="PracticeTest" duration-ms="158552" started-at="2020-04-15T17:20:11Z" finished-at="2020-04-15T17:22:49Z">
      <class name="com.letslodeit.learn.testsuit.PracticeTest">
        <test-method status="PASS" signature="openBrowser()[pri:0, instance:com.letslodeit.learn.testsuit.PracticeTest@20e2cbe0]" name="openBrowser" is-config="true" duration-ms="65046" started-at="2020-04-15T17:20:11Z" finished-at="2020-04-15T17:21:16Z">
          <reporter-output>
          </reporter-output>
        </test-method> <!-- openBrowser -->
        <test-method status="PASS" signature="verifyUserIsAbelToUsePracticePageFunctions()[pri:0, instance:com.letslodeit.learn.testsuit.PracticeTest@20e2cbe0]" name="verifyUserIsAbelToUsePracticePageFunctions" duration-ms="18432" started-at="2020-04-15T17:21:16Z" finished-at="2020-04-15T17:21:34Z">
          <reporter-output>
          </reporter-output>
        </test-method> <!-- verifyUserIsAbelToUsePracticePageFunctions -->
        <test-method status="PASS" signature="tearDown()[pri:0, instance:com.letslodeit.learn.testsuit.PracticeTest@20e2cbe0]" name="tearDown" is-config="true" duration-ms="2372" started-at="2020-04-15T17:21:38Z" finished-at="2020-04-15T17:21:41Z">
          <reporter-output>
          </reporter-output>
        </test-method> <!-- tearDown -->
        <test-method status="PASS" signature="openBrowser()[pri:0, instance:com.letslodeit.learn.testsuit.PracticeTest@20e2cbe0]" name="openBrowser" is-config="true" duration-ms="56011" started-at="2020-04-15T17:21:41Z" finished-at="2020-04-15T17:22:37Z">
          <reporter-output>
          </reporter-output>
        </test-method> <!-- openBrowser -->
        <test-method status="PASS" signature="verifyUserIsAbleToUseMouseHoverFunction()[pri:0, instance:com.letslodeit.learn.testsuit.PracticeTest@20e2cbe0]" name="verifyUserIsAbleToUseMouseHoverFunction" duration-ms="9065" started-at="2020-04-15T17:22:37Z" finished-at="2020-04-15T17:22:46Z">
          <reporter-output>
          </reporter-output>
        </test-method> <!-- verifyUserIsAbleToUseMouseHoverFunction -->
        <test-method status="PASS" signature="tearDown()[pri:0, instance:com.letslodeit.learn.testsuit.PracticeTest@20e2cbe0]" name="tearDown" is-config="true" duration-ms="1463" started-at="2020-04-15T17:22:48Z" finished-at="2020-04-15T17:22:49Z">
          <reporter-output>
          </reporter-output>
        </test-method> <!-- tearDown -->
      </class> <!-- com.letslodeit.learn.testsuit.PracticeTest -->
    </test> <!-- PracticeTest -->
    <test name="SignUpTest" duration-ms="57681" started-at="2020-04-15T17:22:54Z" finished-at="2020-04-15T17:23:52Z">
      <class name="com.letslodeit.learn.testsuit.SignUpTest">
        <test-method status="PASS" signature="openBrowser()[pri:0, instance:com.letslodeit.learn.testsuit.SignUpTest@61832929]" name="openBrowser" is-config="true" duration-ms="26375" started-at="2020-04-15T17:22:54Z" finished-at="2020-04-15T17:23:20Z">
          <reporter-output>
          </reporter-output>
        </test-method> <!-- openBrowser -->
        <test-method status="FAIL" signature="verifyUserIsAbleToSignUpSuccessfully()[pri:0, instance:com.letslodeit.learn.testsuit.SignUpTest@61832929]" name="verifyUserIsAbleToSignUpSuccessfully" duration-ms="29491" started-at="2020-04-15T17:23:20Z" finished-at="2020-04-15T17:23:50Z">
          <exception class="org.openqa.selenium.NoSuchElementException">
            <message>
              <![CDATA[no such element: Unable to locate element: {"method":"css selector","selector":".btn\ btn\-primary\ btn\-md\ signup\-button"}
  (Session info: chrome=80.0.3987.163)
For documentation on this error, please visit: https://www.seleniumhq.org/exceptions/no_such_element.html
Build info: version: '3.141.59', revision: 'e82be7d358', time: '2018-11-14T08:17:03'
System info: host: 'DESKTOP-97F9FNJ', ip: '192.168.0.20', os.name: 'Windows 10', os.arch: 'amd64', os.version: '10.0', java.version: '1.8.0_121'
Driver info: org.openqa.selenium.chrome.ChromeDriver
Capabilities {acceptInsecureCerts: false, browserName: chrome, browserVersion: 80.0.3987.163, chrome: {chromedriverVersion: 80.0.3987.106 (f68069574609..., userDataDir: C:\Users\Admin\AppData\Loca...}, goog:chromeOptions: {debuggerAddress: localhost:60115}, javascriptEnabled: true, networkConnectionEnabled: false, pageLoadStrategy: normal, platform: WINDOWS, platformName: WINDOWS, proxy: Proxy(), setWindowRect: true, strictFileInteractability: false, timeouts: {implicit: 0, pageLoad: 300000, script: 30000}, unhandledPromptBehavior: dismiss and notify}
Session ID: a78e7e8fdbd211ffc56e3c7668d4e3e3
*** Element info: {Using=class name, value=btn btn-primary btn-md signup-button}]]>
            </message>
            <full-stacktrace>
              <![CDATA[org.openqa.selenium.NoSuchElementException: no such element: Unable to locate element: {"method":"css selector","selector":".btn\ btn\-primary\ btn\-md\ signup\-button"}
  (Session info: chrome=80.0.3987.163)
For documentation on this error, please visit: https://www.seleniumhq.org/exceptions/no_such_element.html
Build info: version: '3.141.59', revision: 'e82be7d358', time: '2018-11-14T08:17:03'
System info: host: 'DESKTOP-97F9FNJ', ip: '192.168.0.20', os.name: 'Windows 10', os.arch: 'amd64', os.version: '10.0', java.version: '1.8.0_121'
Driver info: org.openqa.selenium.chrome.ChromeDriver
Capabilities {acceptInsecureCerts: false, browserName: chrome, browserVersion: 80.0.3987.163, chrome: {chromedriverVersion: 80.0.3987.106 (f68069574609..., userDataDir: C:\Users\Admin\AppData\Loca...}, goog:chromeOptions: {debuggerAddress: localhost:60115}, javascriptEnabled: true, networkConnectionEnabled: false, pageLoadStrategy: normal, platform: WINDOWS, platformName: WINDOWS, proxy: Proxy(), setWindowRect: true, strictFileInteractability: false, timeouts: {implicit: 0, pageLoad: 300000, script: 30000}, unhandledPromptBehavior: dismiss and notify}
Session ID: a78e7e8fdbd211ffc56e3c7668d4e3e3
*** Element info: {Using=class name, value=btn btn-primary btn-md signup-button}
at sun.reflect.NativeConstructorAccessorImpl.newInstance0(Native Method)
at sun.reflect.NativeConstructorAccessorImpl.newInstance(NativeConstructorAccessorImpl.java:62)
at sun.reflect.DelegatingConstructorAccessorImpl.newInstance(DelegatingConstructorAccessorImpl.java:45)
at java.lang.reflect.Constructor.newInstance(Constructor.java:423)
at org.openqa.selenium.remote.http.W3CHttpResponseCodec.createException(W3CHttpResponseCodec.java:187)
at org.openqa.selenium.remote.http.W3CHttpResponseCodec.decode(W3CHttpResponseCodec.java:122)
at org.openqa.selenium.remote.http.W3CHttpResponseCodec.decode(W3CHttpResponseCodec.java:49)
at org.openqa.selenium.remote.HttpCommandExecutor.execute(HttpCommandExecutor.java:158)
at org.openqa.selenium.remote.service.DriverCommandExecutor.execute(DriverCommandExecutor.java:83)
at org.openqa.selenium.remote.RemoteWebDriver.execute(RemoteWebDriver.java:552)
at org.openqa.selenium.remote.RemoteWebDriver.findElement(RemoteWebDriver.java:323)
at org.openqa.selenium.remote.RemoteWebDriver.findElementByClassName(RemoteWebDriver.java:412)
at org.openqa.selenium.By$ByClassName.findElement(By.java:389)
at org.openqa.selenium.remote.RemoteWebDriver.findElement(RemoteWebDriver.java:315)
at com.letslodeit.learn.utility.Utility.clickOnElement(Utility.java:29)
at com.letslodeit.learn.pages.SignUpPage.clickOnSignUpButton(SignUpPage.java:22)
at com.letslodeit.learn.testsuit.SignUpTest.verifyUserIsAbleToSignUpSuccessfully(SignUpTest.java:21)
at sun.reflect.NativeMethodAccessorImpl.invoke0(Native Method)
at sun.reflect.NativeMethodAccessorImpl.invoke(NativeMethodAccessorImpl.java:62)
at sun.reflect.DelegatingMethodAccessorImpl.invoke(DelegatingMethodAccessorImpl.java:43)
at java.lang.reflect.Method.invoke(Method.java:498)
at org.testng.internal.MethodInvocationHelper.invokeMethod(MethodInvocationHelper.java:124)
at org.testng.internal.Invoker.invokeMethod(Invoker.java:583)
at org.testng.internal.Invoker.invokeTestMethod(Invoker.java:719)
at org.testng.internal.Invoker.invokeTestMethods(Invoker.java:989)
at org.testng.internal.TestMethodWorker.invokeTestMethods(TestMethodWorker.java:125)
at org.testng.internal.TestMethodWorker.run(TestMethodWorker.java:109)
at org.testng.TestRunner.privateRun(TestRunner.java:648)
at org.testng.TestRunner.run(TestRunner.java:505)
at org.testng.SuiteRunner.runTest(SuiteRunner.java:455)
at org.testng.SuiteRunner.runSequentially(SuiteRunner.java:450)
at org.testng.SuiteRunner.privateRun(SuiteRunner.java:415)
at org.testng.SuiteRunner.run(SuiteRunner.java:364)
at org.testng.SuiteRunnerWorker.runSuite(SuiteRunnerWorker.java:52)
at org.testng.SuiteRunnerWorker.run(SuiteRunnerWorker.java:84)
at org.testng.TestNG.runSuitesSequentially(TestNG.java:1208)
at org.testng.TestNG.runSuitesLocally(TestNG.java:1137)
at org.testng.TestNG.runSuites(TestNG.java:1049)
at org.testng.TestNG.run(TestNG.java:1017)
at com.intellij.rt.testng.IDEARemoteTestNG.run(IDEARemoteTestNG.java:66)
at com.intellij.rt.testng.RemoteTestNGStarter.main(RemoteTestNGStarter.java:110)
]]>
            </full-stacktrace>
          </exception> <!-- org.openqa.selenium.NoSuchElementException -->
          <reporter-output>
          </reporter-output>
        </test-method> <!-- verifyUserIsAbleToSignUpSuccessfully -->
        <test-method status="PASS" signature="tearDown()[pri:0, instance:com.letslodeit.learn.testsuit.SignUpTest@61832929]" name="tearDown" is-config="true" duration-ms="1363" started-at="2020-04-15T17:23:50Z" finished-at="2020-04-15T17:23:52Z">
          <reporter-output>
          </reporter-output>
        </test-method> <!-- tearDown -->
      </class> <!-- com.letslodeit.learn.testsuit.SignUpTest -->
    </test> <!-- SignUpTest -->
  </suite> <!-- testsuit -->
</testng-results>
