<?xml version="1.0" encoding="UTF-8"?>
<!-- Generated by org.testng.reporters.JUnitReportReporter -->
<testsuite skipped="0" hostname="DESKTOP-97F9FNJ" name="com.letslodeit.learn.testsuit.PracticeTest" tests="2" failures="0" timestamp="15 Apr 2020 17:23:59 GMT" time="152.389" errors="0">
  <testcase name="verifyUserIsAbleToUseMouseHoverFunction" time="66.539" classname="com.letslodeit.learn.testsuit.PracticeTest"/>
  <testcase name="verifyUserIsAbelToUsePracticePageFunctions" time="85.850" classname="com.letslodeit.learn.testsuit.PracticeTest"/>
</testsuite> <!-- com.letslodeit.learn.testsuit.PracticeTest -->
